[2020-06-04 19:09:23] [info] Start Program:
Path:"StudentUnitTest.exe"
Arguments:
Working directory: not set.
Modules: Selected: * Excluded: 
Sources: Selected: D:\DBU-ENGINE\Lokesh\StudentUnitTest\StudentUnitTest Excluded: 
Log Level: Normal
Cover Children: 0
Aggregate by file: 1
Continue after C++ exception: 0
Optimized build support: 0
Export: html 
Input coverage: 
Unified diff: 
Excluded line regular expressions: 
Substitute pdb source paths: 
[2020-06-04 19:09:23] [info] Module: D:\DBU-ENGINE\Lokesh\StudentUnitTest\Debug\StudentUnitTest.exe is selected because it matches selected pattern: *
[2020-06-04 19:09:23] [info] Module: C:\Windows\System32\ntdll.dll is selected because it matches selected pattern: *
[2020-06-04 19:09:23] [info] Module: C:\Windows\SysWOW64\ntdll.dll is selected because it matches selected pattern: *
[2020-06-04 19:09:23] [info] Module: C:\Windows\System32\wow64.dll is selected because it matches selected pattern: *
[2020-06-04 19:09:23] [info] Module: C:\Windows\System32\wow64win.dll is selected because it matches selected pattern: *
[2020-06-04 19:09:23] [info] Module: C:\Windows\System32\wow64cpu.dll is selected because it matches selected pattern: *
[2020-06-04 19:09:23] [info] Module: C:\Windows\SysWOW64\kernel32.dll is selected because it matches selected pattern: *
[2020-06-04 19:09:23] [info] Module: C:\Windows\SysWOW64\KernelBase.dll is selected because it matches selected pattern: *
[2020-06-04 19:09:23] [info] Module: C:\Windows\SysWOW64\sysfer.dll is selected because it matches selected pattern: *
[2020-06-04 19:09:23] [info] Module: C:\ProgramData\Symantec\Symantec Endpoint Protection\14.2.5569.2100.105\Data\Definitions\BASHDefs\20200526.001\UMEngx86.dll is selected because it matches selected pattern: *
[2020-06-04 19:09:23] [info] Module: C:\Windows\SysWOW64\ucrtbased.dll is selected because it matches selected pattern: *
[2020-06-04 19:09:23] [info] Module: C:\Windows\SysWOW64\msvcp140d.dll is selected because it matches selected pattern: *
[2020-06-04 19:09:23] [info] Module: C:\Windows\SysWOW64\vcruntime140d.dll is selected because it matches selected pattern: *
[2020-06-04 19:09:23] [info] Module: C:\Windows\SysWOW64\vcruntime140d.dll is selected because it matches selected pattern: *
[2020-06-04 19:09:23] [info] Module: C:\Windows\SysWOW64\psapi.dll is selected because it matches selected pattern: *
[2020-06-04 19:09:43] [info] Module: C:\Windows\SysWOW64\kernel.appcore.dll is selected because it matches selected pattern: *
[2020-06-04 19:09:43] [info] Module: C:\Windows\SysWOW64\kernel.appcore.dll is selected because it matches selected pattern: *
[2020-06-04 19:09:43] [info] Module: C:\Windows\SysWOW64\msvcrt.dll is selected because it matches selected pattern: *
[2020-06-04 19:09:43] [info] Module: C:\Windows\SysWOW64\msvcrt.dll is selected because it matches selected pattern: *
[2020-06-04 19:09:43] [info] Module: C:\Windows\SysWOW64\rpcrt4.dll is selected because it matches selected pattern: *
[2020-06-04 19:09:43] [info] Module: C:\Windows\SysWOW64\rpcrt4.dll is selected because it matches selected pattern: *
[2020-06-04 19:09:43] [info] ----------------------------------------------------
[2020-06-04 19:09:43] [info] Coverage generated in Folder D:\DBU-ENGINE\Lokesh\StudentUnitTest\Debug\CoverageReport-2020-06-04-19h09m43s
[2020-06-04 19:09:43] [info] ----------------------------------------------------
[2020-06-04 19:09:43] [info] The code coverage report is not what you expect? See the FAQ https://github.com/OpenCppCoverage/OpenCppCoverage/wiki/FAQ.
